2025-03-06 18:45:01,244 [INFO] [apiautotest] [conftest.py:61] - 日志初始化成功
2025-03-06 18:45:01,249 [DEBUG] [apiautotest] [client.py:28] - <=====================================================>
2025-03-06 18:45:01,249 [DEBUG] [apiautotest] [client.py:29] - 发起接口调用，url：http://59.36.173.55:7002/passport/login
2025-03-06 18:45:01,249 [DEBUG] [apiautotest] [client.py:30] - 发起接口调用，method：post
2025-03-06 18:45:01,249 [DEBUG] [apiautotest] [client.py:31] - 发起接口调用，header：{'Authorization': ''}
2025-03-06 18:45:01,249 [DEBUG] [apiautotest] [client.py:32] - 发起接口调用，data：{'username': 'shamo', 'password': 'd8c26d069c9950eec5cc79ab7b839821', 'captcha': '1512', 'uuid': 'fsfafdsf'}
2025-03-06 18:45:01,253 [DEBUG] [apiautotest] [client.py:33] - 发起接口调用，json：None
2025-03-06 18:45:01,253 [DEBUG] [apiautotest] [client.py:34] - 发起接口调用，params：None
2025-03-06 18:45:01,253 [DEBUG] [apiautotest] [client.py:35] - 发起接口调用，files：None
2025-03-06 18:45:01,865 [DEBUG] [apiautotest] [client.py:48] - 接口响应状态码：200
2025-03-06 18:45:01,865 [DEBUG] [apiautotest] [client.py:49] - 接口调用返回结果：{"uid":59,"username":"shamo","nickname":"沙陌","access_token":"eyJhbGciOiJIUzUxMiJ9.eyJzZWxmT3BlcmF0ZWQiOjAsInN1YiI6IkNMRVJLIiwicm9sZSI6IlNVUEVSX1NFTExFUiIsImZvdW5kZXIiOm51bGwsInJvbGVzIjpbIkJVWUVSIiwiU0VMTEVSIiwiQ0xFUksiXSwic2VsbGVyTmFtZSI6IuWwj-a1t-ixmiIsImNsZXJrSWQiOjE1MiwidXVpZCI6bnVsbCwidWlkIjo1OSwic2VsbGVySWQiOjE5OSwiY2xlcmtOYW1lIjoic2hhbW8iLCJleHAiOjE3NDEyNTg1MDMsInVzZXJuYW1lIjoic2hhbW8ifQ.uYeBzIWb1dmhXx2-zaXh3suxkwWg872G_jOE1Jdaia_EKam45GGcDGXH428ksTB9KDfKHQ4teBoqW9UokYpeSQ","refresh_token":"eyJhbGciOiJIUzUxMiJ9.eyJzZWxmT3BlcmF0ZWQiOjAsInN1YiI6IkNMRVJLIiwicm9sZSI6IlNVUEVSX1NFTExFUiIsImZvdW5kZXIiOm51bGwsInJvbGVzIjpbIkJVWUVSIiwiU0VMTEVSIiwiQ0xFUksiXSwic2VsbGVyTmFtZSI6IuWwj-a1t-ixmiIsImNsZXJrSWQiOjE1MiwidXVpZCI6bnVsbCwidWlkIjo1OSwic2VsbGVySWQiOjE5OSwiY2xlcmtOYW1lIjoic2hhbW8iLCJleHAiOjE3NDEyNTkxMDMsInVzZXJuYW1lIjoic2hhbW8ifQ.4mCkoyhxFoXv2fYkrdlyhWpB1KYRbkSuMtXLtow-V2v8CQYcXu7v43yNBb0vsu-aqy_3Pv0mbDLqVq68RLoRVg","face":"http://59.36.173.55:7000/statics/attachment/normal/2024/12/15/10/37495983.png"}
2025-03-06 18:45:01,866 [DEBUG] [apiautotest] [client.py:28] - <=====================================================>
2025-03-06 18:45:01,867 [DEBUG] [apiautotest] [client.py:29] - 发起接口调用，url：http://59.36.173.55:7004/admin/systems/admin-users/login
2025-03-06 18:45:01,867 [DEBUG] [apiautotest] [client.py:30] - 发起接口调用，method：get
2025-03-06 18:45:01,867 [DEBUG] [apiautotest] [client.py:31] - 发起接口调用，header：None
2025-03-06 18:45:01,867 [DEBUG] [apiautotest] [client.py:32] - 发起接口调用，data：None
2025-03-06 18:45:01,867 [DEBUG] [apiautotest] [client.py:33] - 发起接口调用，json：None
2025-03-06 18:45:01,868 [DEBUG] [apiautotest] [client.py:34] - 发起接口调用，params：{'username': 'admin', 'password': '78b157cf49d312ecf69d1335e8b589ef', 'captcha': '1512', 'uuid': 'fghfgfhfghfgh'}
2025-03-06 18:45:01,868 [DEBUG] [apiautotest] [client.py:35] - 发起接口调用，files：None
2025-03-06 18:45:08,131 [DEBUG] [apiautotest] [client.py:48] - 接口响应状态码：200
2025-03-06 18:45:08,131 [DEBUG] [apiautotest] [client.py:49] - 接口调用返回结果：{"uid":1,"username":"admin","department":"admin","face":"http://javashop-statics.oss-cn-beijing.aliyuncs.com/v70/null/6127372723AF44AA827917048A0C4632.GIF","role_id":22,"founder":0,"access_token":"eyJhbGciOiJIUzUxMiJ9.eyJ1aWQiOjEsInN1YiI6IkFETUlOIiwicm9sZSI6IueuoeeQhuWRmCIsImZvdW5kZXIiOm51bGwsImV4cCI6MTc0MTI1ODUwOSwidXVpZCI6bnVsbCwidXNlcm5hbWUiOiJhZG1pbiJ9.fHgUXrYi5E8YgvNT4WJR-pIQuWOw16aByb3M7tTmCWnSRtWbSa3vyOc3D_ZEx-XoI5pDB01yE5W2zR52G7tK-Q","refresh_token":"eyJhbGciOiJIUzUxMiJ9.eyJ1aWQiOjEsInN1YiI6IkFETUlOIiwicm9sZSI6IueuoeeQhuWRmCIsImZvdW5kZXIiOm51bGwsImV4cCI6MTc0MTI1OTEwOSwidXVpZCI6bnVsbCwidXNlcm5hbWUiOiJhZG1pbiJ9.Zt7O6bzO5Lti2yf-h8u1TYyinVi13W8Iu8UIqrllSyTEapJmQp4-2cpeqmFOzgiGhCIFFHISXwyZxWJkPi9h4Q"}
2025-03-06 18:45:08,134 [DEBUG] [apiautotest] [client.py:28] - <=====================================================>
2025-03-06 18:45:08,134 [DEBUG] [apiautotest] [client.py:29] - 发起接口调用，url：http://59.36.173.55:7003/seller/login
2025-03-06 18:45:08,134 [DEBUG] [apiautotest] [client.py:30] - 发起接口调用，method：get
2025-03-06 18:45:08,134 [DEBUG] [apiautotest] [client.py:31] - 发起接口调用，header：{'Authorization': ''}
2025-03-06 18:45:08,135 [DEBUG] [apiautotest] [client.py:32] - 发起接口调用，data：None
2025-03-06 18:45:08,135 [DEBUG] [apiautotest] [client.py:33] - 发起接口调用，json：None
2025-03-06 18:45:08,135 [DEBUG] [apiautotest] [client.py:34] - 发起接口调用，params：{'username': 'shamoseller', 'password': 'fafd8b5f5d11048e8078b66ab075acb3', 'captcha': '1512', 'uuid': 'fghjklkjhgfghjk'}
2025-03-06 18:45:08,136 [DEBUG] [apiautotest] [client.py:35] - 发起接口调用，files：None
2025-03-06 18:45:08,473 [DEBUG] [apiautotest] [client.py:48] - 接口响应状态码：200
2025-03-06 18:45:08,474 [DEBUG] [apiautotest] [client.py:49] - 接口调用返回结果：{"uid":67,"username":"shamoseller","nickname":"shamoseller","access_token":"eyJhbGciOiJIUzUxMiJ9.eyJzZWxmT3BlcmF0ZWQiOjAsInN1YiI6IkNMRVJLIiwicm9sZSI6IlNVUEVSX1NFTExFUiIsImZvdW5kZXIiOm51bGwsInJvbGVzIjpbIkJVWUVSIiwiU0VMTEVSIiwiQ0xFUksiXSwic2VsbGVyTmFtZSI6IuaymemZjOeahOW6l-S4jeimgeeejuaUuSIsImNsZXJrSWQiOjgsInV1aWQiOm51bGwsInVpZCI6NjcsInNlbGxlcklkIjoyMCwiY2xlcmtOYW1lIjoic2hhbW9zZWxsZXIiLCJleHAiOjE3NDEyNTg1MDksInVzZXJuYW1lIjoic2hhbW9zZWxsZXIifQ.dpUGa1vUBYfdKKj6ubEi0qPxM4j96K-onWUORPL1AcyWnaKg_LVd6BNS2bNzLU_qbqfWJmuqRSk0IMrCIWwUhg","refresh_token":"eyJhbGciOiJIUzUxMiJ9.eyJzZWxmT3BlcmF0ZWQiOjAsInN1YiI6IkNMRVJLIiwicm9sZSI6IlNVUEVSX1NFTExFUiIsImZvdW5kZXIiOm51bGwsInJvbGVzIjpbIkJVWUVSIiwiU0VMTEVSIiwiQ0xFUksiXSwic2VsbGVyTmFtZSI6IuaymemZjOeahOW6l-S4jeimgeeejuaUuSIsImNsZXJrSWQiOjgsInV1aWQiOm51bGwsInVpZCI6NjcsInNlbGxlcklkIjoyMCwiY2xlcmtOYW1lIjoic2hhbW9zZWxsZXIiLCJleHAiOjE3NDEyNTkxMDksInVzZXJuYW1lIjoic2hhbW9zZWxsZXIifQ.jioof6nV8sU_BZXoIVXPZO_cPH8E_uKveY4lyc3vaodg32RCda1fe7mFLLbp8JiGZUTSTHO2_yUDW-H_VtLf5Q","face":"http://59.36.173.55:7000/statics/attachment/normal/2024/9/2/11/00453826.png","role_id":0,"founder":1}
2025-03-06 18:45:08,477 [DEBUG] [apiautotest] [client.py:28] - <=====================================================>
2025-03-06 18:45:08,478 [DEBUG] [apiautotest] [client.py:29] - 发起接口调用，url：http://59.36.173.55:7002/trade/carts/buy
2025-03-06 18:45:08,478 [DEBUG] [apiautotest] [client.py:30] - 发起接口调用，method：post
2025-03-06 18:45:08,478 [DEBUG] [apiautotest] [client.py:31] - 发起接口调用，header：{'Authorization': 'eyJhbGciOiJIUzUxMiJ9.eyJzZWxmT3BlcmF0ZWQiOjAsInN1YiI6IkNMRVJLIiwicm9sZSI6IlNVUEVSX1NFTExFUiIsImZvdW5kZXIiOm51bGwsInJvbGVzIjpbIkJVWUVSIiwiU0VMTEVSIiwiQ0xFUksiXSwic2VsbGVyTmFtZSI6IuWwj-a1t-ixmiIsImNsZXJrSWQiOjE1MiwidXVpZCI6bnVsbCwidWlkIjo1OSwic2VsbGVySWQiOjE5OSwiY2xlcmtOYW1lIjoic2hhbW8iLCJleHAiOjE3NDEyNTg1MDMsInVzZXJuYW1lIjoic2hhbW8ifQ.uYeBzIWb1dmhXx2-zaXh3suxkwWg872G_jOE1Jdaia_EKam45GGcDGXH428ksTB9KDfKHQ4teBoqW9UokYpeSQ'}
2025-03-06 18:45:08,479 [DEBUG] [apiautotest] [client.py:32] - 发起接口调用，data：{'sku_id': 541, 'num': 1, 'activity_id': ''}
2025-03-06 18:45:08,479 [DEBUG] [apiautotest] [client.py:33] - 发起接口调用，json：None
2025-03-06 18:45:08,479 [DEBUG] [apiautotest] [client.py:34] - 发起接口调用，params：None
2025-03-06 18:45:08,479 [DEBUG] [apiautotest] [client.py:35] - 发起接口调用，files：None
2025-03-06 18:45:08,555 [DEBUG] [apiautotest] [client.py:48] - 接口响应状态码：200
2025-03-06 18:45:08,556 [DEBUG] [apiautotest] [client.py:49] - 接口调用返回结果：
2025-03-06 18:45:08,571 [DEBUG] [apiautotest] [client.py:28] - <=====================================================>
2025-03-06 18:45:08,572 [DEBUG] [apiautotest] [client.py:29] - 发起接口调用，url：http://59.36.173.55:7002/trade/create
2025-03-06 18:45:08,572 [DEBUG] [apiautotest] [client.py:30] - 发起接口调用，method：post
2025-03-06 18:45:08,573 [DEBUG] [apiautotest] [client.py:31] - 发起接口调用，header：{'Authorization': 'eyJhbGciOiJIUzUxMiJ9.eyJzZWxmT3BlcmF0ZWQiOjAsInN1YiI6IkNMRVJLIiwicm9sZSI6IlNVUEVSX1NFTExFUiIsImZvdW5kZXIiOm51bGwsInJvbGVzIjpbIkJVWUVSIiwiU0VMTEVSIiwiQ0xFUksiXSwic2VsbGVyTmFtZSI6IuWwj-a1t-ixmiIsImNsZXJrSWQiOjE1MiwidXVpZCI6bnVsbCwidWlkIjo1OSwic2VsbGVySWQiOjE5OSwiY2xlcmtOYW1lIjoic2hhbW8iLCJleHAiOjE3NDEyNTg1MDMsInVzZXJuYW1lIjoic2hhbW8ifQ.uYeBzIWb1dmhXx2-zaXh3suxkwWg872G_jOE1Jdaia_EKam45GGcDGXH428ksTB9KDfKHQ4teBoqW9UokYpeSQ'}
2025-03-06 18:45:08,573 [DEBUG] [apiautotest] [client.py:32] - 发起接口调用，data：{'client': 'PC', 'way': 'BUY_NOW'}
2025-03-06 18:45:08,573 [DEBUG] [apiautotest] [client.py:33] - 发起接口调用，json：None
2025-03-06 18:45:08,573 [DEBUG] [apiautotest] [client.py:34] - 发起接口调用，params：None
2025-03-06 18:45:08,574 [DEBUG] [apiautotest] [client.py:35] - 发起接口调用，files：None
2025-03-06 18:45:08,683 [DEBUG] [apiautotest] [client.py:48] - 接口响应状态码：200
2025-03-06 18:45:08,683 [DEBUG] [apiautotest] [client.py:49] - 接口调用返回结果：{"trade_sn":"20250306000347","member_id":59,"member_name":"shamo","payment_type":"COD","price_detail":{"total_price":99.0,"original_price":99.0,"goods_price":99.0,"freight_price":0.0,"discount_price":0.0,"cash_back":0.0,"coupon_price":0.0,"full_minus":0.0,"is_free_freight":0,"exchange_point":0},"consignee":{"consignee_id":15819,"name":"沙陌0922班","province":"北京","city":"朝阳区","county":"三环以内","town":"","address":"这是详细地址","mobile":"18729399607","telephone":null,"province_id":1,"county_id":2799,"city_id":72,"town_id":0},"coupon_list":null,"order_list":[{"seller_id":20,"shipping_type_id":null,"shipping_type_name":null,"seller_name":"沙陌的店不要瞎改","weight":1.0,"price":{"total_price":99.0,"original_price":99.0,"goods_price":99.0,"freight_price":0.0,"discount_price":0.0,"cash_back":0.0,"coupon_price":0.0,"full_minus":0.0,"is_free_freight":0,"exchange_point":0},"sku_list":[{"seller_id":20,"seller_name":"沙陌的店不要瞎改","goods_id":338,"sku_id":541,"sku_sn":"00004","cat_id":83,"num":1,"purchase_num":0,"goods_weight":1.0,"original_price":99.0,"purchase_price":99.0,"subtotal":99.0,"name":"爱仕达（ASD) 炒锅 NWG8330E 30CM易清洗 不粘锅 少油烟 不粘炒锅 电磁炉通用送原装木铲","goods_image":"http://59.36.173.55:7000/statics/attachment/goods/2021/1/15/15/06238544.jpeg_300x300.jpeg","template_script":null,"checked":1,"is_free_freight":1,"single_list":[],"group_list":[{"start_time":1740824946,"end_time":1741323021,"activity_id":4894,"promotion_type":"FULL_DISCOUNT","title":"修改沙陌满减满赠活动240225","is_check":0,"remian_quantity":null},{"start_time":1723973252,"end_time":1771769018,"activity_id":5028,"promotion_type":"FULL_DISCOUNT","title":"沙陌20240611班","is_check":0,"remian_quantity":null}],"promotion_tags":[],"not_join_promotion":0,"template_id":0,"spec_list":null,"point":null,"snapshot_id":null,"service_status":"NOT_APPLY","last_modify":1688638797,"enable_quantity":33846151,"rule":null,"invalid":0,"error_message":"","is_ship":1,"goods_type":"NORMAL"}],"gift_list":[],"gift_coupon_list":[],"gift_point":0,"invalid":null,"trade_sn":"20250306000347","sn":"20250306000347","consignee":{"consignee_id":15819,"name":"沙陌0922班","province":"北京","city":"朝阳区","county":"三环以内","town":"","address":"这是详细地址","mobile":"18729399607","telephone":null,"province_id":1,"county_id":2799,"city_id":72,"town_id":0},"shipping_id":0,"payment_type":"COD","ship_time":null,"receive_time":"任意时间","member_id":59,"member_name":"shamo","remark":"","create_time":1741257309,"shipping_type":null,"order_status":"NEW","pay_status":"PAY_NO","ship_status":"SHIP_NO","ship_name":null,"order_price":99.0,"shipping_price":null,"comment_status":"UNFINISHED","disabled":null,"payment_method_id":null,"payment_plugin_id":null,"payment_method_name":null,"payment_account":null,"goods_num":1,"warehouse_id":null,"cancel_reason":null,"ship_province_id":null,"ship_city_id":null,"ship_region_id":null,"ship_town_id":null,"ship_province":null,"ship_city":null,"ship_region":null,"ship_town":null,"signing_time":null,"the_sign":null,"admin_remark":null,"address_id":null,"need_pay_money":99.0,"ship_no":null,"logi_id":null,"logi_name":null,"need_receipt":0,"receipt_title":null,"receipt_content":null,"service_status":"NOT_APPLY","client_type":"PC","receipt_history":null,"order_type":"NORMAL","order_data":null,"goods_coupon_prices":null}],"gift_list":null}
2025-03-06 18:45:08,699 [DEBUG] [apiautotest] [client.py:28] - <=====================================================>
2025-03-06 18:45:08,699 [DEBUG] [apiautotest] [client.py:29] - 发起接口调用，url：http://59.36.173.55:7003/seller/trade/orders/20250306000347/delivery
2025-03-06 18:45:08,699 [DEBUG] [apiautotest] [client.py:30] - 发起接口调用，method：post
2025-03-06 18:45:08,700 [DEBUG] [apiautotest] [client.py:31] - 发起接口调用，header：{'Authorization': 'eyJhbGciOiJIUzUxMiJ9.eyJzZWxmT3BlcmF0ZWQiOjAsInN1YiI6IkNMRVJLIiwicm9sZSI6IlNVUEVSX1NFTExFUiIsImZvdW5kZXIiOm51bGwsInJvbGVzIjpbIkJVWUVSIiwiU0VMTEVSIiwiQ0xFUksiXSwic2VsbGVyTmFtZSI6IuaymemZjOeahOW6l-S4jeimgeeejuaUuSIsImNsZXJrSWQiOjgsInV1aWQiOm51bGwsInVpZCI6NjcsInNlbGxlcklkIjoyMCwiY2xlcmtOYW1lIjoic2hhbW9zZWxsZXIiLCJleHAiOjE3NDEyNTg1MDksInVzZXJuYW1lIjoic2hhbW9zZWxsZXIifQ.dpUGa1vUBYfdKKj6ubEi0qPxM4j96K-onWUORPL1AcyWnaKg_LVd6BNS2bNzLU_qbqfWJmuqRSk0IMrCIWwUhg'}
2025-03-06 18:45:08,700 [DEBUG] [apiautotest] [client.py:32] - 发起接口调用，data：{'ship_no': 'asdfdgdffdf', 'logi_id': 13, 'logi_name': '中通01'}
2025-03-06 18:45:08,700 [DEBUG] [apiautotest] [client.py:33] - 发起接口调用，json：None
2025-03-06 18:45:08,700 [DEBUG] [apiautotest] [client.py:34] - 发起接口调用，params：None
2025-03-06 18:45:08,700 [DEBUG] [apiautotest] [client.py:35] - 发起接口调用，files：None
2025-03-06 18:45:11,069 [DEBUG] [apiautotest] [client.py:48] - 接口响应状态码：200
2025-03-06 18:45:11,069 [DEBUG] [apiautotest] [client.py:49] - 接口调用返回结果：
2025-03-06 18:45:11,075 [DEBUG] [apiautotest] [client.py:28] - <=====================================================>
2025-03-06 18:45:11,075 [DEBUG] [apiautotest] [client.py:29] - 发起接口调用，url：http://59.36.173.55:7002/trade/orders/20250306000347/rog
2025-03-06 18:45:11,076 [DEBUG] [apiautotest] [client.py:30] - 发起接口调用，method：post
2025-03-06 18:45:11,076 [DEBUG] [apiautotest] [client.py:31] - 发起接口调用，header：{'Authorization': 'eyJhbGciOiJIUzUxMiJ9.eyJzZWxmT3BlcmF0ZWQiOjAsInN1YiI6IkNMRVJLIiwicm9sZSI6IlNVUEVSX1NFTExFUiIsImZvdW5kZXIiOm51bGwsInJvbGVzIjpbIkJVWUVSIiwiU0VMTEVSIiwiQ0xFUksiXSwic2VsbGVyTmFtZSI6IuWwj-a1t-ixmiIsImNsZXJrSWQiOjE1MiwidXVpZCI6bnVsbCwidWlkIjo1OSwic2VsbGVySWQiOjE5OSwiY2xlcmtOYW1lIjoic2hhbW8iLCJleHAiOjE3NDEyNTg1MDMsInVzZXJuYW1lIjoic2hhbW8ifQ.uYeBzIWb1dmhXx2-zaXh3suxkwWg872G_jOE1Jdaia_EKam45GGcDGXH428ksTB9KDfKHQ4teBoqW9UokYpeSQ'}
2025-03-06 18:45:11,076 [DEBUG] [apiautotest] [client.py:32] - 发起接口调用，data：None
2025-03-06 18:45:11,076 [DEBUG] [apiautotest] [client.py:33] - 发起接口调用，json：None
2025-03-06 18:45:11,076 [DEBUG] [apiautotest] [client.py:34] - 发起接口调用，params：None
2025-03-06 18:45:11,076 [DEBUG] [apiautotest] [client.py:35] - 发起接口调用，files：None
2025-03-06 18:45:13,388 [DEBUG] [apiautotest] [client.py:48] - 接口响应状态码：200
2025-03-06 18:45:13,389 [DEBUG] [apiautotest] [client.py:49] - 接口调用返回结果：
2025-03-06 18:45:13,395 [DEBUG] [apiautotest] [client.py:28] - <=====================================================>
2025-03-06 18:45:13,396 [DEBUG] [apiautotest] [client.py:29] - 发起接口调用，url：http://59.36.173.55:7003/seller/trade/orders/20250306000347/pay
2025-03-06 18:45:13,396 [DEBUG] [apiautotest] [client.py:30] - 发起接口调用，method：post
2025-03-06 18:45:13,396 [DEBUG] [apiautotest] [client.py:31] - 发起接口调用，header：{'Authorization': 'eyJhbGciOiJIUzUxMiJ9.eyJzZWxmT3BlcmF0ZWQiOjAsInN1YiI6IkNMRVJLIiwicm9sZSI6IlNVUEVSX1NFTExFUiIsImZvdW5kZXIiOm51bGwsInJvbGVzIjpbIkJVWUVSIiwiU0VMTEVSIiwiQ0xFUksiXSwic2VsbGVyTmFtZSI6IuaymemZjOeahOW6l-S4jeimgeeejuaUuSIsImNsZXJrSWQiOjgsInV1aWQiOm51bGwsInVpZCI6NjcsInNlbGxlcklkIjoyMCwiY2xlcmtOYW1lIjoic2hhbW9zZWxsZXIiLCJleHAiOjE3NDEyNTg1MDksInVzZXJuYW1lIjoic2hhbW9zZWxsZXIifQ.dpUGa1vUBYfdKKj6ubEi0qPxM4j96K-onWUORPL1AcyWnaKg_LVd6BNS2bNzLU_qbqfWJmuqRSk0IMrCIWwUhg'}
2025-03-06 18:45:13,396 [DEBUG] [apiautotest] [client.py:32] - 发起接口调用，data：{'pay_price': 99.0}
2025-03-06 18:45:13,396 [DEBUG] [apiautotest] [client.py:33] - 发起接口调用，json：None
2025-03-06 18:45:13,397 [DEBUG] [apiautotest] [client.py:34] - 发起接口调用，params：None
2025-03-06 18:45:13,397 [DEBUG] [apiautotest] [client.py:35] - 发起接口调用，files：None
2025-03-06 18:45:16,172 [DEBUG] [apiautotest] [client.py:48] - 接口响应状态码：200
2025-03-06 18:45:16,172 [DEBUG] [apiautotest] [client.py:49] - 接口调用返回结果：
2025-03-06 18:45:16,179 [DEBUG] [apiautotest] [client.py:28] - <=====================================================>
2025-03-06 18:45:16,179 [DEBUG] [apiautotest] [client.py:29] - 发起接口调用，url：http://59.36.173.55:7002/members/comments
2025-03-06 18:45:16,179 [DEBUG] [apiautotest] [client.py:30] - 发起接口调用，method：post
2025-03-06 18:45:16,179 [DEBUG] [apiautotest] [client.py:31] - 发起接口调用，header：{'Authorization': 'eyJhbGciOiJIUzUxMiJ9.eyJzZWxmT3BlcmF0ZWQiOjAsInN1YiI6IkNMRVJLIiwicm9sZSI6IlNVUEVSX1NFTExFUiIsImZvdW5kZXIiOm51bGwsInJvbGVzIjpbIkJVWUVSIiwiU0VMTEVSIiwiQ0xFUksiXSwic2VsbGVyTmFtZSI6IuWwj-a1t-ixmiIsImNsZXJrSWQiOjE1MiwidXVpZCI6bnVsbCwidWlkIjo1OSwic2VsbGVySWQiOjE5OSwiY2xlcmtOYW1lIjoic2hhbW8iLCJleHAiOjE3NDEyNTg1MDMsInVzZXJuYW1lIjoic2hhbW8ifQ.uYeBzIWb1dmhXx2-zaXh3suxkwWg872G_jOE1Jdaia_EKam45GGcDGXH428ksTB9KDfKHQ4teBoqW9UokYpeSQ'}
2025-03-06 18:45:16,180 [DEBUG] [apiautotest] [client.py:32] - 发起接口调用，data：None
2025-03-06 18:45:16,180 [DEBUG] [apiautotest] [client.py:33] - 发起接口调用，json：{'order_sn': '20250306000347', 'delivery_score': 5, 'description_score': 5, 'service_score': 5, 'comments': [{'sku_id': 99.0, 'content': '我就是随便发一发', 'grade': 'good', 'images': []}]}
2025-03-06 18:45:16,180 [DEBUG] [apiautotest] [client.py:34] - 发起接口调用，params：None
2025-03-06 18:45:16,180 [DEBUG] [apiautotest] [client.py:35] - 发起接口调用，files：None
2025-03-06 18:45:22,407 [DEBUG] [apiautotest] [client.py:48] - 接口响应状态码：401
2025-03-06 18:45:22,408 [DEBUG] [apiautotest] [client.py:49] - 接口调用返回结果：{"code":"002","message":"没有操作权限"}
2025-03-06 18:45:22,499 [DEBUG] [apiautotest] [client.py:28] - <=====================================================>
2025-03-06 18:45:22,499 [DEBUG] [apiautotest] [client.py:29] - 发起接口调用，url：http://59.36.173.55:7002/trade/carts/buy
2025-03-06 18:45:22,499 [DEBUG] [apiautotest] [client.py:30] - 发起接口调用，method：post
2025-03-06 18:45:22,499 [DEBUG] [apiautotest] [client.py:31] - 发起接口调用，header：{'Authorization': 'eyJhbGciOiJIUzUxMiJ9.eyJzZWxmT3BlcmF0ZWQiOjAsInN1YiI6IkNMRVJLIiwicm9sZSI6IlNVUEVSX1NFTExFUiIsImZvdW5kZXIiOm51bGwsInJvbGVzIjpbIkJVWUVSIiwiU0VMTEVSIiwiQ0xFUksiXSwic2VsbGVyTmFtZSI6IuWwj-a1t-ixmiIsImNsZXJrSWQiOjE1MiwidXVpZCI6bnVsbCwidWlkIjo1OSwic2VsbGVySWQiOjE5OSwiY2xlcmtOYW1lIjoic2hhbW8iLCJleHAiOjE3NDEyNTg1MDMsInVzZXJuYW1lIjoic2hhbW8ifQ.uYeBzIWb1dmhXx2-zaXh3suxkwWg872G_jOE1Jdaia_EKam45GGcDGXH428ksTB9KDfKHQ4teBoqW9UokYpeSQ'}
2025-03-06 18:45:22,500 [DEBUG] [apiautotest] [client.py:32] - 发起接口调用，data：{'sku_id': 456789765, 'num': 1, 'activity_id': ''}
2025-03-06 18:45:22,500 [DEBUG] [apiautotest] [client.py:33] - 发起接口调用，json：None
2025-03-06 18:45:22,500 [DEBUG] [apiautotest] [client.py:34] - 发起接口调用，params：None
2025-03-06 18:45:22,500 [DEBUG] [apiautotest] [client.py:35] - 发起接口调用，files：None
2025-03-06 18:45:22,665 [DEBUG] [apiautotest] [client.py:48] - 接口响应状态码：500
2025-03-06 18:45:22,665 [DEBUG] [apiautotest] [client.py:49] - 接口调用返回结果：{"code":"004","message":"不合法"}
2025-03-06 18:45:22,705 [DEBUG] [apiautotest] [client.py:28] - <=====================================================>
2025-03-06 18:45:22,706 [DEBUG] [apiautotest] [client.py:29] - 发起接口调用，url：http://59.36.173.55:7002/trade/carts/buy
2025-03-06 18:45:22,706 [DEBUG] [apiautotest] [client.py:30] - 发起接口调用，method：post
2025-03-06 18:45:22,706 [DEBUG] [apiautotest] [client.py:31] - 发起接口调用，header：{'Authorization': 'eyJhbGciOiJIUzUxMiJ9.eyJzZWxmT3BlcmF0ZWQiOjAsInN1YiI6IkNMRVJLIiwicm9sZSI6IlNVUEVSX1NFTExFUiIsImZvdW5kZXIiOm51bGwsInJvbGVzIjpbIkJVWUVSIiwiU0VMTEVSIiwiQ0xFUksiXSwic2VsbGVyTmFtZSI6IuWwj-a1t-ixmiIsImNsZXJrSWQiOjE1MiwidXVpZCI6bnVsbCwidWlkIjo1OSwic2VsbGVySWQiOjE5OSwiY2xlcmtOYW1lIjoic2hhbW8iLCJleHAiOjE3NDEyNTg1MDMsInVzZXJuYW1lIjoic2hhbW8ifQ.uYeBzIWb1dmhXx2-zaXh3suxkwWg872G_jOE1Jdaia_EKam45GGcDGXH428ksTB9KDfKHQ4teBoqW9UokYpeSQ'}
2025-03-06 18:45:22,706 [DEBUG] [apiautotest] [client.py:32] - 发起接口调用，data：{'sku_id': 541, 'num': 0, 'activity_id': ''}
2025-03-06 18:45:22,706 [DEBUG] [apiautotest] [client.py:33] - 发起接口调用，json：None
2025-03-06 18:45:22,707 [DEBUG] [apiautotest] [client.py:34] - 发起接口调用，params：None
2025-03-06 18:45:22,707 [DEBUG] [apiautotest] [client.py:35] - 发起接口调用，files：None
2025-03-06 18:45:22,742 [DEBUG] [apiautotest] [client.py:48] - 接口响应状态码：400
2025-03-06 18:45:22,742 [DEBUG] [apiautotest] [client.py:49] - 接口调用返回结果：{"code":"004","message":"购买数量必须大于0"}
2025-03-06 18:45:22,771 [DEBUG] [apiautotest] [client.py:28] - <=====================================================>
2025-03-06 18:45:22,771 [DEBUG] [apiautotest] [client.py:29] - 发起接口调用，url：http://59.36.173.55:7002/trade/carts/buy
2025-03-06 18:45:22,771 [DEBUG] [apiautotest] [client.py:30] - 发起接口调用，method：post
2025-03-06 18:45:22,771 [DEBUG] [apiautotest] [client.py:31] - 发起接口调用，header：{'Authorization': 'eyJhbGciOiJIUzUxMiJ9.eyJzZWxmT3BlcmF0ZWQiOjAsInN1YiI6IkNMRVJLIiwicm9sZSI6IlNVUEVSX1NFTExFUiIsImZvdW5kZXIiOm51bGwsInJvbGVzIjpbIkJVWUVSIiwiU0VMTEVSIiwiQ0xFUksiXSwic2VsbGVyTmFtZSI6IuWwj-a1t-ixmiIsImNsZXJrSWQiOjE1MiwidXVpZCI6bnVsbCwidWlkIjo1OSwic2VsbGVySWQiOjE5OSwiY2xlcmtOYW1lIjoic2hhbW8iLCJleHAiOjE3NDEyNTg1MDMsInVzZXJuYW1lIjoic2hhbW8ifQ.uYeBzIWb1dmhXx2-zaXh3suxkwWg872G_jOE1Jdaia_EKam45GGcDGXH428ksTB9KDfKHQ4teBoqW9UokYpeSQ'}
2025-03-06 18:45:22,772 [DEBUG] [apiautotest] [client.py:32] - 发起接口调用，data：{'sku_id': 541, 'num': -1, 'activity_id': ''}
2025-03-06 18:45:22,772 [DEBUG] [apiautotest] [client.py:33] - 发起接口调用，json：None
2025-03-06 18:45:22,772 [DEBUG] [apiautotest] [client.py:34] - 发起接口调用，params：None
2025-03-06 18:45:22,772 [DEBUG] [apiautotest] [client.py:35] - 发起接口调用，files：None
2025-03-06 18:45:22,809 [DEBUG] [apiautotest] [client.py:48] - 接口响应状态码：400
2025-03-06 18:45:22,809 [DEBUG] [apiautotest] [client.py:49] - 接口调用返回结果：{"code":"004","message":"购买数量必须大于0"}
2025-03-06 18:45:22,855 [DEBUG] [apiautotest] [client.py:28] - <=====================================================>
2025-03-06 18:45:22,855 [DEBUG] [apiautotest] [client.py:29] - 发起接口调用，url：http://59.36.173.55:7002/trade/carts/buy
2025-03-06 18:45:22,855 [DEBUG] [apiautotest] [client.py:30] - 发起接口调用，method：post
2025-03-06 18:45:22,855 [DEBUG] [apiautotest] [client.py:31] - 发起接口调用，header：{'Authorization': 'eyJhbGciOiJIUzUxMiJ9.eyJzZWxmT3BlcmF0ZWQiOjAsInN1YiI6IkNMRVJLIiwicm9sZSI6IlNVUEVSX1NFTExFUiIsImZvdW5kZXIiOm51bGwsInJvbGVzIjpbIkJVWUVSIiwiU0VMTEVSIiwiQ0xFUksiXSwic2VsbGVyTmFtZSI6IuWwj-a1t-ixmiIsImNsZXJrSWQiOjE1MiwidXVpZCI6bnVsbCwidWlkIjo1OSwic2VsbGVySWQiOjE5OSwiY2xlcmtOYW1lIjoic2hhbW8iLCJleHAiOjE3NDEyNTg1MDMsInVzZXJuYW1lIjoic2hhbW8ifQ.uYeBzIWb1dmhXx2-zaXh3suxkwWg872G_jOE1Jdaia_EKam45GGcDGXH428ksTB9KDfKHQ4teBoqW9UokYpeSQ'}
2025-03-06 18:45:22,855 [DEBUG] [apiautotest] [client.py:32] - 发起接口调用，data：{'sku_id': 541, 'num': 999999999, 'activity_id': ''}
2025-03-06 18:45:22,856 [DEBUG] [apiautotest] [client.py:33] - 发起接口调用，json：None
2025-03-06 18:45:22,856 [DEBUG] [apiautotest] [client.py:34] - 发起接口调用，params：None
2025-03-06 18:45:22,856 [DEBUG] [apiautotest] [client.py:35] - 发起接口调用，files：None
2025-03-06 18:45:22,912 [DEBUG] [apiautotest] [client.py:48] - 接口响应状态码：500
2025-03-06 18:45:22,913 [DEBUG] [apiautotest] [client.py:49] - 接口调用返回结果：{"code":"451","message":"商品库存已不足，不能购买。"}
2025-03-06 18:45:22,954 [DEBUG] [apiautotest] [client.py:28] - <=====================================================>
2025-03-06 18:45:22,954 [DEBUG] [apiautotest] [client.py:29] - 发起接口调用，url：http://59.36.173.55:7002/members/address
2025-03-06 18:45:22,955 [DEBUG] [apiautotest] [client.py:30] - 发起接口调用，method：post
2025-03-06 18:45:22,955 [DEBUG] [apiautotest] [client.py:31] - 发起接口调用，header：{'Authorization': 'eyJhbGciOiJIUzUxMiJ9.eyJzZWxmT3BlcmF0ZWQiOjAsInN1YiI6IkNMRVJLIiwicm9sZSI6IlNVUEVSX1NFTExFUiIsImZvdW5kZXIiOm51bGwsInJvbGVzIjpbIkJVWUVSIiwiU0VMTEVSIiwiQ0xFUksiXSwic2VsbGVyTmFtZSI6IuWwj-a1t-ixmiIsImNsZXJrSWQiOjE1MiwidXVpZCI6bnVsbCwidWlkIjo1OSwic2VsbGVySWQiOjE5OSwiY2xlcmtOYW1lIjoic2hhbW8iLCJleHAiOjE3NDEyNTg1MDMsInVzZXJuYW1lIjoic2hhbW8ifQ.uYeBzIWb1dmhXx2-zaXh3suxkwWg872G_jOE1Jdaia_EKam45GGcDGXH428ksTB9KDfKHQ4teBoqW9UokYpeSQ'}
2025-03-06 18:45:22,955 [DEBUG] [apiautotest] [client.py:32] - 发起接口调用，data：{'def_addr': 0, 'ship_address_name': '这是地址别名', 'name': '', 'mobile': '18729399607', 'region': 2799, 'addr': '这是详细地址'}
2025-03-06 18:45:22,955 [DEBUG] [apiautotest] [client.py:33] - 发起接口调用，json：None
2025-03-06 18:45:22,955 [DEBUG] [apiautotest] [client.py:34] - 发起接口调用，params：None
2025-03-06 18:45:22,955 [DEBUG] [apiautotest] [client.py:35] - 发起接口调用，files：None
2025-03-06 18:45:23,009 [DEBUG] [apiautotest] [client.py:48] - 接口响应状态码：400
2025-03-06 18:45:23,010 [DEBUG] [apiautotest] [client.py:49] - 接口调用返回结果：{"code":"004","message":"收货人姓名不能为空"}
2025-03-06 18:45:23,010 [INFO] [apiautotest] [json_util.py:54] - 通过$.code匹配到的结果是:['004']
2025-03-06 18:45:23,037 [DEBUG] [apiautotest] [client.py:28] - <=====================================================>
2025-03-06 18:45:23,038 [DEBUG] [apiautotest] [client.py:29] - 发起接口调用，url：http://59.36.173.55:7002/members/address
2025-03-06 18:45:23,038 [DEBUG] [apiautotest] [client.py:30] - 发起接口调用，method：post
2025-03-06 18:45:23,038 [DEBUG] [apiautotest] [client.py:31] - 发起接口调用，header：{'Authorization': 'eyJhbGciOiJIUzUxMiJ9.eyJzZWxmT3BlcmF0ZWQiOjAsInN1YiI6IkNMRVJLIiwicm9sZSI6IlNVUEVSX1NFTExFUiIsImZvdW5kZXIiOm51bGwsInJvbGVzIjpbIkJVWUVSIiwiU0VMTEVSIiwiQ0xFUksiXSwic2VsbGVyTmFtZSI6IuWwj-a1t-ixmiIsImNsZXJrSWQiOjE1MiwidXVpZCI6bnVsbCwidWlkIjo1OSwic2VsbGVySWQiOjE5OSwiY2xlcmtOYW1lIjoic2hhbW8iLCJleHAiOjE3NDEyNTg1MDMsInVzZXJuYW1lIjoic2hhbW8ifQ.uYeBzIWb1dmhXx2-zaXh3suxkwWg872G_jOE1Jdaia_EKam45GGcDGXH428ksTB9KDfKHQ4teBoqW9UokYpeSQ'}
2025-03-06 18:45:23,038 [DEBUG] [apiautotest] [client.py:32] - 发起接口调用，data：{'def_addr': 0, 'ship_address_name': '这是地址别名', 'mobile': '18729399607', 'region': 2799, 'addr': '这是详细地址'}
2025-03-06 18:45:23,039 [DEBUG] [apiautotest] [client.py:33] - 发起接口调用，json：None
2025-03-06 18:45:23,039 [DEBUG] [apiautotest] [client.py:34] - 发起接口调用，params：None
2025-03-06 18:45:23,039 [DEBUG] [apiautotest] [client.py:35] - 发起接口调用，files：None
2025-03-06 18:45:23,080 [DEBUG] [apiautotest] [client.py:48] - 接口响应状态码：400
2025-03-06 18:45:23,081 [DEBUG] [apiautotest] [client.py:49] - 接口调用返回结果：{"code":"004","message":"收货人姓名不能为空"}
2025-03-06 18:45:23,081 [INFO] [apiautotest] [json_util.py:54] - 通过$.code匹配到的结果是:['004']
2025-03-06 18:45:23,108 [DEBUG] [apiautotest] [client.py:28] - <=====================================================>
2025-03-06 18:45:23,109 [DEBUG] [apiautotest] [client.py:29] - 发起接口调用，url：http://59.36.173.55:7002/members/address
2025-03-06 18:45:23,109 [DEBUG] [apiautotest] [client.py:30] - 发起接口调用，method：post
2025-03-06 18:45:23,110 [DEBUG] [apiautotest] [client.py:31] - 发起接口调用，header：{'Authorization': 'eyJhbGciOiJIUzUxMiJ9.eyJzZWxmT3BlcmF0ZWQiOjAsInN1YiI6IkNMRVJLIiwicm9sZSI6IlNVUEVSX1NFTExFUiIsImZvdW5kZXIiOm51bGwsInJvbGVzIjpbIkJVWUVSIiwiU0VMTEVSIiwiQ0xFUksiXSwic2VsbGVyTmFtZSI6IuWwj-a1t-ixmiIsImNsZXJrSWQiOjE1MiwidXVpZCI6bnVsbCwidWlkIjo1OSwic2VsbGVySWQiOjE5OSwiY2xlcmtOYW1lIjoic2hhbW8iLCJleHAiOjE3NDEyNTg1MDMsInVzZXJuYW1lIjoic2hhbW8ifQ.uYeBzIWb1dmhXx2-zaXh3suxkwWg872G_jOE1Jdaia_EKam45GGcDGXH428ksTB9KDfKHQ4teBoqW9UokYpeSQ'}
2025-03-06 18:45:23,110 [DEBUG] [apiautotest] [client.py:32] - 发起接口调用，data：{'def_addr': 0, 'ship_address_name': '这是地址别名', 'name': '', 'mobile': '18729399607', 'region': 2799, 'addr': '这是详细地址'}
2025-03-06 18:45:23,110 [DEBUG] [apiautotest] [client.py:33] - 发起接口调用，json：None
2025-03-06 18:45:23,110 [DEBUG] [apiautotest] [client.py:34] - 发起接口调用，params：None
2025-03-06 18:45:23,110 [DEBUG] [apiautotest] [client.py:35] - 发起接口调用，files：None
2025-03-06 18:45:23,151 [DEBUG] [apiautotest] [client.py:48] - 接口响应状态码：400
2025-03-06 18:45:23,151 [DEBUG] [apiautotest] [client.py:49] - 接口调用返回结果：{"code":"004","message":"收货人姓名不能为空"}
2025-03-06 18:45:23,151 [INFO] [apiautotest] [json_util.py:54] - 通过$.code匹配到的结果是:['004']
2025-03-06 18:45:23,209 [DEBUG] [apiautotest] [client.py:28] - <=====================================================>
2025-03-06 18:45:23,209 [DEBUG] [apiautotest] [client.py:29] - 发起接口调用，url：http://59.36.173.55:7002/members/address
2025-03-06 18:45:23,210 [DEBUG] [apiautotest] [client.py:30] - 发起接口调用，method：post
2025-03-06 18:45:23,210 [DEBUG] [apiautotest] [client.py:31] - 发起接口调用，header：{'Authorization': 'eyJhbGciOiJIUzUxMiJ9.eyJzZWxmT3BlcmF0ZWQiOjAsInN1YiI6IkNMRVJLIiwicm9sZSI6IlNVUEVSX1NFTExFUiIsImZvdW5kZXIiOm51bGwsInJvbGVzIjpbIkJVWUVSIiwiU0VMTEVSIiwiQ0xFUksiXSwic2VsbGVyTmFtZSI6IuWwj-a1t-ixmiIsImNsZXJrSWQiOjE1MiwidXVpZCI6bnVsbCwidWlkIjo1OSwic2VsbGVySWQiOjE5OSwiY2xlcmtOYW1lIjoic2hhbW8iLCJleHAiOjE3NDEyNTg1MDMsInVzZXJuYW1lIjoic2hhbW8ifQ.uYeBzIWb1dmhXx2-zaXh3suxkwWg872G_jOE1Jdaia_EKam45GGcDGXH428ksTB9KDfKHQ4teBoqW9UokYpeSQ'}
2025-03-06 18:45:23,210 [DEBUG] [apiautotest] [client.py:32] - 发起接口调用，data：{'def_addr': 0, 'ship_address_name': '这是地址别名', 'name': '', 'mobile': '18729399607', 'region': 2799, 'addr': '这是详细地址'}
2025-03-06 18:45:23,210 [DEBUG] [apiautotest] [client.py:33] - 发起接口调用，json：None
2025-03-06 18:45:23,210 [DEBUG] [apiautotest] [client.py:34] - 发起接口调用，params：None
2025-03-06 18:45:23,210 [DEBUG] [apiautotest] [client.py:35] - 发起接口调用，files：None
2025-03-06 18:45:23,257 [DEBUG] [apiautotest] [client.py:48] - 接口响应状态码：400
2025-03-06 18:45:23,257 [DEBUG] [apiautotest] [client.py:49] - 接口调用返回结果：{"code":"004","message":"收货人姓名不能为空"}
2025-03-06 18:45:23,258 [INFO] [apiautotest] [json_util.py:54] - 通过$.code匹配到的结果是:['004']
2025-03-06 18:45:23,285 [DEBUG] [apiautotest] [client.py:28] - <=====================================================>
2025-03-06 18:45:23,285 [DEBUG] [apiautotest] [client.py:29] - 发起接口调用，url：http://59.36.173.55:7002/members/address
2025-03-06 18:45:23,285 [DEBUG] [apiautotest] [client.py:30] - 发起接口调用，method：post
2025-03-06 18:45:23,286 [DEBUG] [apiautotest] [client.py:31] - 发起接口调用，header：{'Authorization': 'eyJhbGciOiJIUzUxMiJ9.eyJzZWxmT3BlcmF0ZWQiOjAsInN1YiI6IkNMRVJLIiwicm9sZSI6IlNVUEVSX1NFTExFUiIsImZvdW5kZXIiOm51bGwsInJvbGVzIjpbIkJVWUVSIiwiU0VMTEVSIiwiQ0xFUksiXSwic2VsbGVyTmFtZSI6IuWwj-a1t-ixmiIsImNsZXJrSWQiOjE1MiwidXVpZCI6bnVsbCwidWlkIjo1OSwic2VsbGVySWQiOjE5OSwiY2xlcmtOYW1lIjoic2hhbW8iLCJleHAiOjE3NDEyNTg1MDMsInVzZXJuYW1lIjoic2hhbW8ifQ.uYeBzIWb1dmhXx2-zaXh3suxkwWg872G_jOE1Jdaia_EKam45GGcDGXH428ksTB9KDfKHQ4teBoqW9UokYpeSQ'}
2025-03-06 18:45:23,286 [DEBUG] [apiautotest] [client.py:32] - 发起接口调用，data：{'def_addr': 0, 'ship_address_name': '这是地址别名', 'mobile': '18729399607', 'region': 2799, 'addr': '这是详细地址'}
2025-03-06 18:45:23,286 [DEBUG] [apiautotest] [client.py:33] - 发起接口调用，json：None
2025-03-06 18:45:23,286 [DEBUG] [apiautotest] [client.py:34] - 发起接口调用，params：None
2025-03-06 18:45:23,286 [DEBUG] [apiautotest] [client.py:35] - 发起接口调用，files：None
2025-03-06 18:45:23,329 [DEBUG] [apiautotest] [client.py:48] - 接口响应状态码：400
2025-03-06 18:45:23,329 [DEBUG] [apiautotest] [client.py:49] - 接口调用返回结果：{"code":"004","message":"收货人姓名不能为空"}
2025-03-06 18:45:23,329 [INFO] [apiautotest] [json_util.py:54] - 通过$.code匹配到的结果是:['004']
2025-03-06 18:45:23,357 [DEBUG] [apiautotest] [client.py:28] - <=====================================================>
2025-03-06 18:45:23,357 [DEBUG] [apiautotest] [client.py:29] - 发起接口调用，url：http://59.36.173.55:7002/members/address
2025-03-06 18:45:23,357 [DEBUG] [apiautotest] [client.py:30] - 发起接口调用，method：post
2025-03-06 18:45:23,357 [DEBUG] [apiautotest] [client.py:31] - 发起接口调用，header：{'Authorization': 'eyJhbGciOiJIUzUxMiJ9.eyJzZWxmT3BlcmF0ZWQiOjAsInN1YiI6IkNMRVJLIiwicm9sZSI6IlNVUEVSX1NFTExFUiIsImZvdW5kZXIiOm51bGwsInJvbGVzIjpbIkJVWUVSIiwiU0VMTEVSIiwiQ0xFUksiXSwic2VsbGVyTmFtZSI6IuWwj-a1t-ixmiIsImNsZXJrSWQiOjE1MiwidXVpZCI6bnVsbCwidWlkIjo1OSwic2VsbGVySWQiOjE5OSwiY2xlcmtOYW1lIjoic2hhbW8iLCJleHAiOjE3NDEyNTg1MDMsInVzZXJuYW1lIjoic2hhbW8ifQ.uYeBzIWb1dmhXx2-zaXh3suxkwWg872G_jOE1Jdaia_EKam45GGcDGXH428ksTB9KDfKHQ4teBoqW9UokYpeSQ'}
2025-03-06 18:45:23,358 [DEBUG] [apiautotest] [client.py:32] - 发起接口调用，data：{'def_addr': 0, 'ship_address_name': '这是地址别名', 'name': 'sfdfsd2323', 'mobile': '18729399607', 'region': 2799, 'addr': '这是详细地址'}
2025-03-06 18:45:23,358 [DEBUG] [apiautotest] [client.py:33] - 发起接口调用，json：None
2025-03-06 18:45:23,358 [DEBUG] [apiautotest] [client.py:34] - 发起接口调用，params：None
2025-03-06 18:45:23,358 [DEBUG] [apiautotest] [client.py:35] - 发起接口调用，files：None
2025-03-06 18:45:23,405 [DEBUG] [apiautotest] [client.py:48] - 接口响应状态码：500
2025-03-06 18:45:23,405 [DEBUG] [apiautotest] [client.py:49] - 接口调用返回结果：{"code":"100","message":"会员地址已达20个上限，无法添加"}
2025-03-06 18:45:23,406 [INFO] [apiautotest] [json_util.py:54] - 通过$.code匹配到的结果是:['100']
2025-03-06 18:45:23,453 [DEBUG] [apiautotest] [client.py:28] - <=====================================================>
2025-03-06 18:45:23,453 [DEBUG] [apiautotest] [client.py:29] - 发起接口调用，url：http://59.36.173.55:7003/seller/goods
2025-03-06 18:45:23,453 [DEBUG] [apiautotest] [client.py:30] - 发起接口调用，method：post
2025-03-06 18:45:23,454 [DEBUG] [apiautotest] [client.py:31] - 发起接口调用，header：{'Authorization': 'eyJhbGciOiJIUzUxMiJ9.eyJzZWxmT3BlcmF0ZWQiOjAsInN1YiI6IkNMRVJLIiwicm9sZSI6IlNVUEVSX1NFTExFUiIsImZvdW5kZXIiOm51bGwsInJvbGVzIjpbIkJVWUVSIiwiU0VMTEVSIiwiQ0xFUksiXSwic2VsbGVyTmFtZSI6IuaymemZjOeahOW6l-S4jeimgeeejuaUuSIsImNsZXJrSWQiOjgsInV1aWQiOm51bGwsInVpZCI6NjcsInNlbGxlcklkIjoyMCwiY2xlcmtOYW1lIjoic2hhbW9zZWxsZXIiLCJleHAiOjE3NDEyNTg1MDksInVzZXJuYW1lIjoic2hhbW9zZWxsZXIifQ.dpUGa1vUBYfdKKj6ubEi0qPxM4j96K-onWUORPL1AcyWnaKg_LVd6BNS2bNzLU_qbqfWJmuqRSk0IMrCIWwUhg'}
2025-03-06 18:45:23,454 [DEBUG] [apiautotest] [client.py:32] - 发起接口调用，data：None
2025-03-06 18:45:23,454 [DEBUG] [apiautotest] [client.py:33] - 发起接口调用，json：{'brand_id': '', 'category_id': 83, 'category_name': '', 'goods_name': '', 'sn': 'sn011111', 'price': '800', 'mktprice': '890', 'cost': '10', 'weight': '1', 'goods_gallery_list': [{'img_id': -1, 'original': 'http://59.36.173.55:7000/statics/attachment/goods/2025/2/15/14/50101155.png', 'sort': 0}], 'quantity': 99999999, 'goods_transfee_charge': 1, 'has_changed': 0, 'market_enable': 1, 'template_id': 0, 'exchange': {'category_id': '', 'enable_exchange': 0, 'exchange_money': 0, 'exchange_point': 0}, 'shop_cat_id': 0, 'meta_description': '', 'meta_keywords': '', 'page_title': '', 'goods_params_list': [], 'sku_list': [], 'intro': '<p>商品描述</p>'}
2025-03-06 18:45:23,454 [DEBUG] [apiautotest] [client.py:34] - 发起接口调用，params：None
2025-03-06 18:45:23,455 [DEBUG] [apiautotest] [client.py:35] - 发起接口调用，files：None
2025-03-06 18:45:23,649 [DEBUG] [apiautotest] [client.py:48] - 接口响应状态码：400
2025-03-06 18:45:23,650 [DEBUG] [apiautotest] [client.py:49] - 接口调用返回结果：{"code":"004","message":"商品名称不能为空"}
2025-03-06 18:45:23,671 [DEBUG] [apiautotest] [client.py:28] - <=====================================================>
2025-03-06 18:45:23,671 [DEBUG] [apiautotest] [client.py:29] - 发起接口调用，url：http://59.36.173.55:7003/seller/goods
2025-03-06 18:45:23,671 [DEBUG] [apiautotest] [client.py:30] - 发起接口调用，method：post
2025-03-06 18:45:23,672 [DEBUG] [apiautotest] [client.py:31] - 发起接口调用，header：{'Authorization': 'eyJhbGciOiJIUzUxMiJ9.eyJzZWxmT3BlcmF0ZWQiOjAsInN1YiI6IkNMRVJLIiwicm9sZSI6IlNVUEVSX1NFTExFUiIsImZvdW5kZXIiOm51bGwsInJvbGVzIjpbIkJVWUVSIiwiU0VMTEVSIiwiQ0xFUksiXSwic2VsbGVyTmFtZSI6IuaymemZjOeahOW6l-S4jeimgeeejuaUuSIsImNsZXJrSWQiOjgsInV1aWQiOm51bGwsInVpZCI6NjcsInNlbGxlcklkIjoyMCwiY2xlcmtOYW1lIjoic2hhbW9zZWxsZXIiLCJleHAiOjE3NDEyNTg1MDksInVzZXJuYW1lIjoic2hhbW9zZWxsZXIifQ.dpUGa1vUBYfdKKj6ubEi0qPxM4j96K-onWUORPL1AcyWnaKg_LVd6BNS2bNzLU_qbqfWJmuqRSk0IMrCIWwUhg'}
2025-03-06 18:45:23,672 [DEBUG] [apiautotest] [client.py:32] - 发起接口调用，data：None
2025-03-06 18:45:23,672 [DEBUG] [apiautotest] [client.py:33] - 发起接口调用，json：{'brand_id': '', 'category_id': 83, 'category_name': '', 'sn': 'sn011111', 'price': '800', 'mktprice': '890', 'cost': '10', 'weight': '1', 'goods_gallery_list': [{'img_id': -1, 'original': 'http://59.36.173.55:7000/statics/attachment/goods/2025/2/15/14/50101155.png', 'sort': 0}], 'quantity': 99999999, 'goods_transfee_charge': 1, 'has_changed': 0, 'market_enable': 1, 'template_id': 0, 'exchange': {'category_id': '', 'enable_exchange': 0, 'exchange_money': 0, 'exchange_point': 0}, 'shop_cat_id': 0, 'meta_description': '', 'meta_keywords': '', 'page_title': '', 'goods_params_list': [], 'sku_list': [], 'intro': '<p>商品描述</p>'}
2025-03-06 18:45:23,672 [DEBUG] [apiautotest] [client.py:34] - 发起接口调用，params：None
2025-03-06 18:45:23,675 [DEBUG] [apiautotest] [client.py:35] - 发起接口调用，files：None
2025-03-06 18:45:26,734 [DEBUG] [apiautotest] [client.py:48] - 接口响应状态码：400
2025-03-06 18:45:26,734 [DEBUG] [apiautotest] [client.py:49] - 接口调用返回结果：{"code":"004","message":"商品名称不能为空"}
2025-03-06 18:45:26,753 [DEBUG] [apiautotest] [client.py:28] - <=====================================================>
2025-03-06 18:45:26,754 [DEBUG] [apiautotest] [client.py:29] - 发起接口调用，url：http://59.36.173.55:7003/seller/goods
2025-03-06 18:45:26,754 [DEBUG] [apiautotest] [client.py:30] - 发起接口调用，method：post
2025-03-06 18:45:26,754 [DEBUG] [apiautotest] [client.py:31] - 发起接口调用，header：{'Authorization': 'eyJhbGciOiJIUzUxMiJ9.eyJzZWxmT3BlcmF0ZWQiOjAsInN1YiI6IkNMRVJLIiwicm9sZSI6IlNVUEVSX1NFTExFUiIsImZvdW5kZXIiOm51bGwsInJvbGVzIjpbIkJVWUVSIiwiU0VMTEVSIiwiQ0xFUksiXSwic2VsbGVyTmFtZSI6IuaymemZjOeahOW6l-S4jeimgeeejuaUuSIsImNsZXJrSWQiOjgsInV1aWQiOm51bGwsInVpZCI6NjcsInNlbGxlcklkIjoyMCwiY2xlcmtOYW1lIjoic2hhbW9zZWxsZXIiLCJleHAiOjE3NDEyNTg1MDksInVzZXJuYW1lIjoic2hhbW9zZWxsZXIifQ.dpUGa1vUBYfdKKj6ubEi0qPxM4j96K-onWUORPL1AcyWnaKg_LVd6BNS2bNzLU_qbqfWJmuqRSk0IMrCIWwUhg'}
2025-03-06 18:45:26,754 [DEBUG] [apiautotest] [client.py:32] - 发起接口调用，data：None
2025-03-06 18:45:26,754 [DEBUG] [apiautotest] [client.py:33] - 发起接口调用，json：{'brand_id': '', 'category_id': 83, 'category_name': '', 'goods_name': '沙陌炒锅20241219班', 'sn': 'sn011111', 'price': '', 'mktprice': '890', 'cost': '10', 'weight': '1', 'goods_gallery_list': [{'img_id': -1, 'original': 'http://59.36.173.55:7000/statics/attachment/goods/2025/2/15/14/50101155.png', 'sort': 0}], 'quantity': 99999999, 'goods_transfee_charge': 1, 'has_changed': 0, 'market_enable': 1, 'template_id': 0, 'exchange': {'category_id': '', 'enable_exchange': 0, 'exchange_money': 0, 'exchange_point': 0}, 'shop_cat_id': 0, 'meta_description': '', 'meta_keywords': '', 'page_title': '', 'goods_params_list': [], 'sku_list': [], 'intro': '<p>商品描述</p>'}
2025-03-06 18:45:26,754 [DEBUG] [apiautotest] [client.py:34] - 发起接口调用，params：None
2025-03-06 18:45:26,757 [DEBUG] [apiautotest] [client.py:35] - 发起接口调用，files：None
2025-03-06 18:45:26,800 [DEBUG] [apiautotest] [client.py:48] - 接口响应状态码：400
2025-03-06 18:45:26,801 [DEBUG] [apiautotest] [client.py:49] - 接口调用返回结果：{"code":"004","message":"商品价格不能为空"}
2025-03-06 18:45:26,820 [DEBUG] [apiautotest] [client.py:28] - <=====================================================>
2025-03-06 18:45:26,821 [DEBUG] [apiautotest] [client.py:29] - 发起接口调用，url：http://59.36.173.55:7003/seller/goods
2025-03-06 18:45:26,821 [DEBUG] [apiautotest] [client.py:30] - 发起接口调用，method：post
2025-03-06 18:45:26,821 [DEBUG] [apiautotest] [client.py:31] - 发起接口调用，header：{'Authorization': 'eyJhbGciOiJIUzUxMiJ9.eyJzZWxmT3BlcmF0ZWQiOjAsInN1YiI6IkNMRVJLIiwicm9sZSI6IlNVUEVSX1NFTExFUiIsImZvdW5kZXIiOm51bGwsInJvbGVzIjpbIkJVWUVSIiwiU0VMTEVSIiwiQ0xFUksiXSwic2VsbGVyTmFtZSI6IuaymemZjOeahOW6l-S4jeimgeeejuaUuSIsImNsZXJrSWQiOjgsInV1aWQiOm51bGwsInVpZCI6NjcsInNlbGxlcklkIjoyMCwiY2xlcmtOYW1lIjoic2hhbW9zZWxsZXIiLCJleHAiOjE3NDEyNTg1MDksInVzZXJuYW1lIjoic2hhbW9zZWxsZXIifQ.dpUGa1vUBYfdKKj6ubEi0qPxM4j96K-onWUORPL1AcyWnaKg_LVd6BNS2bNzLU_qbqfWJmuqRSk0IMrCIWwUhg'}
2025-03-06 18:45:26,821 [DEBUG] [apiautotest] [client.py:32] - 发起接口调用，data：None
2025-03-06 18:45:26,821 [DEBUG] [apiautotest] [client.py:33] - 发起接口调用，json：{'brand_id': '', 'category_id': 83, 'category_name': '', 'goods_name': '沙陌炒锅20241219班', 'sn': 'sn011111', 'mktprice': '890', 'cost': '10', 'weight': '1', 'goods_gallery_list': [{'img_id': -1, 'original': 'http://59.36.173.55:7000/statics/attachment/goods/2025/2/15/14/50101155.png', 'sort': 0}], 'quantity': 99999999, 'goods_transfee_charge': 1, 'has_changed': 0, 'market_enable': 1, 'template_id': 0, 'exchange': {'category_id': '', 'enable_exchange': 0, 'exchange_money': 0, 'exchange_point': 0}, 'shop_cat_id': 0, 'meta_description': '', 'meta_keywords': '', 'page_title': '', 'goods_params_list': [], 'sku_list': [], 'intro': '<p>商品描述</p>'}
2025-03-06 18:45:26,821 [DEBUG] [apiautotest] [client.py:34] - 发起接口调用，params：None
2025-03-06 18:45:26,823 [DEBUG] [apiautotest] [client.py:35] - 发起接口调用，files：None
2025-03-06 18:45:27,111 [DEBUG] [apiautotest] [client.py:48] - 接口响应状态码：400
2025-03-06 18:45:27,111 [DEBUG] [apiautotest] [client.py:49] - 接口调用返回结果：{"code":"004","message":"商品价格不能为空"}
